2022-06-09 16:42:25,318 - root - INFO - {"operate": "set", "key": "verifyCode_valid_13813904992", "data": 123456}
2022-06-09 16:42:25,319 - root - INFO - {"errno":"0","error":"","dataType":"LIST","data":{"body":{"res":true}}}
2022-06-09 16:42:25,319 - root - INFO - /extTemplate/operate	done	验证码制造成功
2022-06-09 16:42:25,550 - root - INFO - {"mobile": 13813904992, "code": 123456}
2022-06-09 16:42:25,550 - root - INFO - {"errno":"0","error":"","dataType":"OBJECT","data":{"token":"eyJhbGciOiJSUzI1NiIsInR5cCI6IkpXVCJ9.eyJtZW1iZXJJZCI6MTYyMzQ1ODAsInd4T3BlbmlkIjoib3lseWx1SVR2ZDU3WjViOXB1NFNnSFJPSERpUSIsInZlcnNpb24iOnsia2V5IjoiQVVUSF9tb2JpbGVfMTYyMzQ1ODAiLCJ2YWx1ZSI6IjI2In0sImluZm8iOnsibmFtZSI6Ilx1NjczMVx1NzY3Ylx1ODY0ZSIsIm1vYmlsZSI6IjEzODEzOTA0OTkyIn0sImNoYW5uZWwiOnsidHlwZSI6Im1vYmlsZSJ9fQ.8DTAXLNy-cpBYL5VvCZn15GsW21Iz7n5bnsjNrfi0gxX6B0XIhP_L9aCut8cPJBTx4pHm56-_cyXRwhv2QdR8OkrVxfPKSpABTQ8HHiUhwVvtkj6FDZsMXlbOgqnzB24TG0iAMg-KWg1OfuSiUlRI0teJAAf_xLXZ2F9GjO_nMUlYCe96lhv-viU8L9YpNoeWlD_T-ZKtillPEH8aR1GeS7zeWAJTX_TmrkilSmHi0t1WqsjsYxbdOXgCJTXCjDquv08hNDXy95v6BHViASajA7_n0n8PpfelTvHAWTmCo7PjXL6jIFx8oI0xcDG9nX0_W87mGuLjW8bnFiryvHTeQ","channel":{"type":"mobile","openid":""}}}
2022-06-09 16:42:25,551 - root - INFO - /login/login	done	通过验证码登录
2022-06-09 16:42:25,767 - root - INFO - {"mobile": 13813904992}
2022-06-09 16:42:25,768 - root - INFO - {"errno":"0","error":"","dataType":"OBJECT","data":{}}
2022-06-09 16:42:25,768 - root - INFO - /login/sendCaptcha	done	发送验证码
2022-06-09 16:42:25,872 - paramiko.transport - INFO - Connected (version 2.0, client OpenSSH_9.0)
2022-06-09 16:42:31,126 - paramiko.transport - INFO - Disconnect (code 11): [USM] Peer 117.89.6.86:14988 socket closed
2022-06-09 16:42:31,179 - paramiko.transport - INFO - Connected (version 2.0, client OpenSSH_9.0)
2022-06-09 16:42:31,461 - paramiko.transport - INFO - Authentication (password) successful!
2022-06-09 16:42:31,975 - root - INFO - sql查询结果：[{'id': 6501, 'userName': 'actNo629#1', 'mobile': '13813904992', 'filterTag': 'verifyCode', 'data': '{"sms":{"code":233997}}', 'body': '{"mobile":"13813904992","filterTag":"verifyCode","data":{"sms":{"code":233997}},"expire":60,"valid":300}', 'remark': None, 'gmtCreated': datetime.datetime(2022, 6, 9, 16, 42, 25), 'gmtUpdated': datetime.datetime(2022, 6, 9, 16, 42, 25)}]
2022-06-09 16:42:31,975 - root - INFO - 验证码：233997
2022-06-09 16:42:32,172 - root - INFO - {"mobile": 13813904992, "code": 233997}
2022-06-09 16:42:32,172 - root - INFO - {"errno":"0","error":"","dataType":"OBJECT","data":{"token":"eyJhbGciOiJSUzI1NiIsInR5cCI6IkpXVCJ9.eyJtZW1iZXJJZCI6MTYyMzQ1ODAsInd4T3BlbmlkIjoib3lseWx1SVR2ZDU3WjViOXB1NFNnSFJPSERpUSIsInZlcnNpb24iOnsia2V5IjoiQVVUSF9tb2JpbGVfMTYyMzQ1ODAiLCJ2YWx1ZSI6IjI3In0sImluZm8iOnsibmFtZSI6Ilx1NjczMVx1NzY3Ylx1ODY0ZSIsIm1vYmlsZSI6IjEzODEzOTA0OTkyIn0sImNoYW5uZWwiOnsidHlwZSI6Im1vYmlsZSJ9fQ.fGMBDXAEDoVfv-9vjJOMULbY_NMBYo2lJFH7QXncafAG4pUgJ7H5t8KmbbI_5vIVqlgMPvu4k4QLr6yPYkoBi9Zv9MSSY9BG35giuiRLqgUohiVksrP5X0IlMGaP5fA1_A5DbJul8kNvKiM5RUA-SxMj_G5JCyA0aWf4ouk7XEeXgOg6modABhG09qG0eRt9Wy0Anw3i26v_wvYgou1yWDd9Nz34zkzqe4OqxLMQxMJUBsIDmwkl6V38uEDl81KdM4uLYTO7tjOpF5xrCtT6ZwvoVgo4TJaZpeschf2q5_rgTUg1_SkhnfX-qhH6Pc1vUXheHCoTAk_ni_u3IQyAkQ","channel":{"type":"mobile","openid":""}}}
2022-06-09 16:42:32,172 - root - INFO - /login/login	done	通过验证码登录
2022-06-09 16:42:34,855 - root - INFO - {"skuNos": ["578-892369609305358336"], "requestNo": 1654764152173, "channel": "7", "saleMerchantId": "539", "saleStoreId": "74596", "assistantId": 0, "shareMemberId": 0, "commissionNo": "", "partnerMerchantId": 0, "partnerOpenId": 0, "channelId": "0", "orderSource": 0, "orderMethod": "3", "tid": "", "quantity": "1", "showInsuredMember": null}
2022-06-09 16:42:34,855 - root - INFO - {"errno":0,"error":"请求成功","dataType":"OBJECT","data":{"confirmNo":"2d00b256c18d1dfd3f09fbe4c0a4710b","merchantOrders":[{"deliveryMerchantId":578,"deliveryMerchantName":"产品测试（商户全称）","deliveryStoreId":161174,"deliveryStoreName":null,"items":[{"extraValues":{},"skuNo":"578-892369609305358336","commonName":"zdh第三方健康服务","image":null,"merchantId":578,"manufacturer":null,"specName":null,"title":null,"quantity":"1","unitPrice":"3.42","subItems":null,"itemType":3,"rxFlag":0,"infusionFlag":0,"activityName":null,"activityAmount":null,"saleAmount":3.42,"couponAmount":0,"infusionEnsureItemList":null}],"buyGiftsItems":[],"drugRenewItem":null,"confirmOrderItemReserveBO":null,"coupon":null,"activity":{"activityId":null,"type":null,"requestNo":null,"activityAmount":null,"activityPrompt":null},"itemTotalAmount":3.42,"remark":null}],"shipment":{"consigneeName":"朱登虎","mobile":"13813904992","province":"江苏省","city":"南京市","region":"浦口区","street":"2楼","fullAddress":"江苏省南京市浦口区南京市雨花区金证科技园2楼","tag":"公司","mobileText":"138****4992"},"invoice":null,"needShipment":0,"canUseCredit":0,"couponTotalAmount":"0","directAmount":"0","promoteAmount":0,"creditAmount":"0","feeAmount":"0","payAmount":"3.42","equityIdList":[],"agreementId":null,"promoteId":null,"schemeId":null,"rsourceName":"","channel":7,"prescribed":0,"needPrescribe":0,"mustPrescribe":0,"prescriptionBO":null,"hxDesc":"单笔订单最高200元药品过期可免费换新，最多6盒，仅限药品","infusionDesc":"因购买特定输注药品输注后产生的皮下湿疹药品不良反应的住院治疗，被保障客户可获得最高3000元住院费用补偿","member":{"memberId":16234580,"memberName":"朱登虎","account":"13813904992","cardNo":"320723198511280037","isReal":1},"preOrderStatus":0,"orderNo":null,"ptActivityAmount":0,"showInsuredMemberActual":false,"_invalid_user_realname":false},"success":true,"fail":false}
2022-06-09 16:42:34,856 - root - INFO - /unifyorder/confirm/create	done	统一交易创建预订单接口
2022-06-09 16:42:37,967 - root - INFO - {"confirmNo": "2d00b256c18d1dfd3f09fbe4c0a4710b"}
2022-06-09 16:42:37,967 - root - INFO - {"errno":0,"error":"请求成功","dataType":"OBJECT","data":{"extraValues":{},"orderNo":"92060901603509430756","orderStatus":0,"viewStatus":0,"deliverMethod":7,"feeAmount":"0","payAmount":"3.42","creditAmount":"0","directAmount":"0","couponAmount":"0","goodsCount":"1","partnerMerchantId":539,"shipment":null,"items":[{"extraValues":{},"commonName":"zdh第三方健康服务","unitPrice":3.42,"quantity":1}],"remarks":[],"payModeCO":{"payMode":"WXH5PAY","payModeName":"微信支付","icon":"weixin"},"deliverMethodText":"","showShipment":false},"success":true,"fail":false}
2022-06-09 16:42:37,968 - root - INFO - /unifyorder/order/create	done	统一交易创建订单接口
2022-06-09 16:42:37,970 - root - INFO - orderData：{'errno': 0, 'error': '请求成功', 'dataType': 'OBJECT', 'data': {'extraValues': {}, 'orderNo': '92060901603509430756', 'orderStatus': 0, 'viewStatus': 0, 'deliverMethod': 7, 'feeAmount': '0', 'payAmount': '3.42', 'creditAmount': '0', 'directAmount': '0', 'couponAmount': '0', 'goodsCount': '1', 'partnerMerchantId': 539, 'shipment': None, 'items': [{'extraValues': {}, 'commonName': 'zdh第三方健康服务', 'unitPrice': 3.42, 'quantity': 1}], 'remarks': [], 'payModeCO': {'payMode': 'WXH5PAY', 'payModeName': '微信支付', 'icon': 'weixin'}, 'deliverMethodText': '', 'showShipment': False}, 'success': True, 'fail': False}
2022-06-09 16:42:37,970 - root - INFO - mainOrderNo：92060901603509430756
2022-06-09 16:42:40,898 - root - INFO - {"orderNo": "92060901603509430756", "payMode": "CWXPAY"}
2022-06-09 16:42:40,898 - root - INFO - {"errno":0,"error":"请求成功","dataType":"OBJECT","data":{"outTradeNo":"92060901603509430756","orderNo":"92060901603509430756","type":"CWXPAY","amount":"3.42","body":{"tradeNo":null,"params":null,"dealId":null,"appKey":null,"totalAmount":null,"tpOrderId":null,"dealTitle":null,"signFieldsRange":null,"rsaSign":null,"bizInfo":null,"appid":"wx764762c2fd709241","partnerid":null,"prepayid":"wx091642407485805c4cbede786611a40000","packageX":"prepay_id=wx091642407485805c4cbede786611a40000","noncestr":"3557a86db669836730d946052d988e46","timestamp":"1654764160","sign":"7B91F5B6108A3E58D747B19FF0DCDF41","signType":"MD5","tradeType":null,"mwebUrl":null,"operNo":null,"businessId":null,"qrcode":null,"amount":null,"transCheck":null,"orderNo":null,"memo":null,"busInfo":null,"validateInfo":null,"pageAppendContent":null,"account":null,"package":"prepay_id=wx091642407485805c4cbede786611a40000"},"consumedType":false,"loopChecked":true},"success":true,"fail":false}
2022-06-09 16:42:40,898 - root - INFO - /unifyorder/cashier/create	done	统一交易创建支付接口
2022-06-09 16:42:41,038 - root - INFO - {"outTradeNo": "92060901603509430756", "status": 0}
2022-06-09 16:42:41,038 - root - INFO - {"errno":0,"error":"请求成功","dataType":"LIST","data":{"body":[{"id":50096893,"paymentNo":"2022060901376206356","outTradeNo":"92060901603509430756","refNo":"0","amount":"3.42","tradeNo":"100192060901603509430756","tid":null,"bankCode":null,"belongMerchantId":null,"payMerchantId":122270,"payAccountId":null,"payAccount":null,"payMethodAccountId":null,"extra":{"extra_pay_type":"GW_PAY","extra_pay_amount":"0.01"},"status":0,"statusText":"待支付","gmtPaid":null,"duplicate":false,"payMode":"CWXPAY"}],"paging":null,"duplicate":false},"success":true,"fail":false}
2022-06-09 16:42:41,038 - root - INFO - /cashier/queryCashierAllByOutTradeNo	done	获取交易流水信息接口
2022-06-09 16:42:41,406 - root - INFO - {"paymentNo": "2022060901376206356", "accountId": 12, "methodCode": "CWXPAY", "openid": "oRGmzs_tx73KsiBRL9gcXMbsa8do", "tradeType": null, "bankType": null, "totalFee": "0.01", "cashFee": "0.01", "transactionId": "220418124017114248", "outTradeNo": "100192060901603509430756", "timeEnd": "2022-04-18 15:13:47", "refundId": null, "outRefundNo": null, "tradeStatus": null, "refundAmount": null, "gmtRefund": null, "paymentType": "PD", "traceNo": null}
2022-06-09 16:42:41,406 - root - INFO - {"errno":0,"error":"请求成功","dataType":"OBJECT","data":{},"success":true,"fail":false}
2022-06-09 16:42:41,406 - root - INFO - /notify/payment	done   统一交易支付回调
2022-06-09 16:42:41,591 - root - INFO - {"first": false, "orderNo": "92060901603509430756"}
2022-06-09 16:42:41,591 - root - INFO - {"errno":0,"error":"请求成功","dataType":"OBJECT","data":{"extraValues":{},"paySuccess":true},"success":true,"fail":false}
2022-06-09 16:42:41,591 - root - INFO - /unifyorder/cashier/check	done	统一交易支付结果确认
